<?xml version="1.0" encoding="UTF-8"?>
<!-- Generated by org.testng.reporters.JUnitReportReporter -->
<testsuite hostname="Kanchan" failures="0" tests="1" name="com.parameter.ParameterExample" time="13.823" errors="0" timestamp="2024-07-21T20:28:00 IST" skipped="0">
  <testcase classname="com.parameter.ParameterExample" name="loginToVtiger" time="13.823"/>
  <system-out/>
</testsuite> <!-- com.parameter.ParameterExample -->
